  main.cpp
d:\курсы специалист\c++\project\camera_remake\camera\AnimationMainHero.h(17): warning C4305: инициализация: усечение из "double" к "float"
d:\курсы специалист\c++\project\camera_remake\camera\AnimationMainHero.h(40): warning C4305: инициализация: усечение из "double" к "const float"
d:\курсы специалист\c++\project\camera_remake\camera\AnimationMainHero.h(41): warning C4305: инициализация: усечение из "double" к "const float"
main.cpp(50): warning C4305: -=: усечение из "double" к "float"
main.cpp(54): warning C4305: +=: усечение из "double" к "float"
main.cpp(65): warning C4305: +=: усечение из "double" к "float"
main.cpp(75): warning C4305: -=: усечение из "double" к "float"
main.cpp(85): warning C4244: +=: преобразование "double" в "float", возможна потеря данных
main.cpp(89): warning C4244: +=: преобразование "double" в "float", возможна потеря данных
main.cpp(119): warning C4244: =: преобразование "DWORD" в "float", возможна потеря данных
main.cpp(132): warning C4305: инициализация: усечение из "double" к "float"
main.cpp(181): warning C4244: =: преобразование "DWORD" в "float", возможна потеря данных
main.cpp(182): warning C4244: =: преобразование "sf::Int64" в "float", возможна потеря данных
  Создание кода
  1 of 348 functions ( 0.3%) were compiled, the rest were copied from previous compilation.
    0 functions were new in current compilation
    9 functions had inline decision re-evaluated but remain unchanged
  Создание кода завершено
  Camera.vcxproj -> D:\Курсы Специалист\C++\Project\Camera_remake\Release\Camera.exe
  Camera.vcxproj -> D:\Курсы Специалист\C++\Project\Camera_remake\Release\Camera.pdb (Full PDB)
